TN:
SF:src\App.tsx
FN:10,App
FNF:1
FNH:1
FNDA:2,App
DA:11,2
LF:1
LH:1
BRF:0
BRH:0
end_of_record
TN:
SF:src\i18n.ts
FNF:0
FNH:0
DA:5,1
DA:108,1
DA:114,1
LF:3
LH:3
BRF:0
BRH:0
end_of_record
TN:
SF:src\components\Footer.tsx
FN:4,Footer
FNF:1
FNH:1
FNDA:2,Footer
DA:5,2
DA:7,2
LF:2
LH:2
BRF:0
BRH:0
end_of_record
TN:
SF:src\components\Header.tsx
FN:3,Button
FN:11,Header
FNF:2
FNH:2
FNDA:12,Button
FNDA:2,Header
DA:4,12
DA:12,2
DA:14,2
LF:3
LH:3
BRDA:5,0,0,12
BRDA:5,0,1,10
BRF:2
BRH:2
end_of_record
TN:
SF:src\components\Hero.tsx
FN:3,Hero
FNF:1
FNH:1
FNDA:2,Hero
DA:4,2
DA:6,2
LF:2
LH:2
BRF:0
BRH:0
end_of_record
TN:
SF:src\components\LanguageDropdown.tsx
FN:9,LanguageDropdown
FN:25,(anonymous_1)
FN:28,(anonymous_2)
FN:32,(anonymous_3)
FN:33,(anonymous_4)
FN:41,(anonymous_5)
FN:46,(anonymous_6)
FN:53,(anonymous_7)
FN:61,(anonymous_8)
FN:70,(anonymous_9)
FN:76,(anonymous_10)
FN:97,(anonymous_11)
FN:97,(anonymous_12)
FN:112,(anonymous_13)
FN:123,(anonymous_14)
FN:124,(anonymous_15)
FNF:16
FNH:5
FNDA:2,LanguageDropdown
FNDA:2,(anonymous_1)
FNDA:2,(anonymous_2)
FNDA:2,(anonymous_3)
FNDA:0,(anonymous_4)
FNDA:2,(anonymous_5)
FNDA:0,(anonymous_6)
FNDA:0,(anonymous_7)
FNDA:0,(anonymous_8)
FNDA:0,(anonymous_9)
FNDA:0,(anonymous_10)
FNDA:0,(anonymous_11)
FNDA:0,(anonymous_12)
FNDA:0,(anonymous_13)
FNDA:0,(anonymous_14)
FNDA:0,(anonymous_15)
DA:10,2
DA:11,2
DA:12,2
DA:13,2
DA:14,2
DA:16,2
DA:22,2
DA:23,2
DA:25,2
DA:28,2
DA:29,2
DA:32,2
DA:33,2
DA:34,0
DA:35,0
DA:36,0
DA:40,2
DA:41,2
DA:42,2
DA:46,2
DA:47,0
DA:48,0
DA:49,0
DA:50,0
DA:53,2
DA:54,0
DA:55,0
DA:56,0
DA:57,0
DA:61,2
DA:62,0
DA:63,0
DA:64,0
DA:65,0
DA:68,0
DA:69,0
DA:70,0
DA:71,0
DA:74,0
DA:75,0
DA:76,0
DA:77,0
DA:80,0
DA:81,0
DA:82,0
DA:86,2
DA:97,0
DA:113,0
DA:114,0
DA:115,0
DA:123,0
DA:125,0
LF:52
LH:20
BRDA:22,0,0,2
BRDA:22,0,1,0
BRDA:34,1,0,0
BRDA:34,1,1,0
BRDA:35,2,0,0
BRDA:35,2,1,0
BRDA:54,3,0,0
BRDA:54,3,1,0
BRDA:54,4,0,0
BRDA:54,4,1,0
BRDA:62,5,0,0
BRDA:62,5,1,0
BRDA:68,6,0,0
BRDA:68,6,1,0
BRDA:74,7,0,0
BRDA:74,7,1,0
BRDA:80,8,0,0
BRDA:80,8,1,0
BRDA:80,9,0,0
BRDA:80,9,1,0
BRDA:104,10,0,2
BRDA:104,10,1,0
BRDA:121,11,0,0
BRDA:121,11,1,0
BRDA:122,12,0,0
BRDA:122,12,1,0
BRF:26
BRH:2
end_of_record
TN:
SF:src\sections\FleetSection.tsx
FN:32,FleetSection
FN:40,(anonymous_1)
FN:42,(anonymous_2)
FN:45,(anonymous_3)
FN:50,(anonymous_4)
FN:53,(anonymous_5)
FN:58,(anonymous_6)
FN:61,(anonymous_7)
FN:64,(anonymous_8)
FN:67,(anonymous_9)
FN:69,(anonymous_10)
FN:72,(anonymous_11)
FN:77,(anonymous_12)
FN:81,(anonymous_13)
FNF:14
FNH:4
FNDA:2,FleetSection
FNDA:2,(anonymous_1)
FNDA:0,(anonymous_2)
FNDA:0,(anonymous_3)
FNDA:0,(anonymous_4)
FNDA:0,(anonymous_5)
FNDA:0,(anonymous_6)
FNDA:0,(anonymous_7)
FNDA:2,(anonymous_8)
FNDA:0,(anonymous_9)
FNDA:0,(anonymous_10)
FNDA:2,(anonymous_11)
FNDA:0,(anonymous_12)
FNDA:0,(anonymous_13)
DA:5,1
DA:33,2
DA:34,2
DA:35,2
DA:36,2
DA:37,2
DA:38,2
DA:40,2
DA:42,2
DA:43,0
DA:44,0
DA:45,0
DA:46,0
DA:50,2
DA:51,0
DA:52,0
DA:53,0
DA:54,0
DA:58,2
DA:59,0
DA:60,0
DA:61,0
DA:64,2
DA:65,2
DA:67,2
DA:68,0
DA:69,0
DA:72,2
DA:73,2
DA:77,2
DA:78,0
DA:81,2
DA:82,0
DA:85,2
LF:34
LH:19
BRDA:44,0,0,0
BRDA:44,0,1,0
BRDA:54,1,0,0
BRDA:54,1,1,0
BRDA:65,2,0,0
BRDA:65,2,1,2
BRDA:73,3,0,2
BRDA:73,3,1,0
BRDA:117,4,0,2
BRDA:117,4,1,0
BRF:10
BRH:3
end_of_record
TN:
SF:src\sections\LocationSection.tsx
FN:3,LocationSection
FNF:1
FNH:1
FNDA:2,LocationSection
DA:4,2
DA:6,2
LF:2
LH:2
BRF:0
BRH:0
end_of_record
TN:
SF:src\sections\PrivateBusinessSection.tsx
FN:3,PrivateBusinessSection
FNF:1
FNH:1
FNDA:2,PrivateBusinessSection
DA:4,2
DA:6,2
LF:2
LH:2
BRF:0
BRH:0
end_of_record
TN:
SF:src\sections\ValuesSection.tsx
FN:3,ValuesSection
FNF:1
FNH:1
FNDA:2,ValuesSection
DA:4,2
DA:6,2
LF:2
LH:2
BRF:0
BRH:0
end_of_record
